<?xml version="1.0" encoding="UTF-8"?>
<!-- Generated by org.testng.reporters.JUnitReportReporter -->
<testsuite hostname="DESKTOP-3FO53C9" failures="0" tests="1" name="com.TutorialNinja.TestCases.HomePage" time="18.654" errors="0" timestamp="2022-12-21T08:08:47 IST" skipped="0">
  <testcase classname="com.TutorialNinja.TestCases.HomePage" name="set" time="18.654"/>
  <system-out/>
</testsuite> <!-- com.TutorialNinja.TestCases.HomePage -->
